<?xml version="1.0" encoding="UTF-8"?>
<testsuite name="Academy Choucair" tests="1" skipped="1" failures="0" errors="0" timestamp="2021-04-27T02:26:25" hostname="DESKTOP-OS883VU" time="26.183">
  <properties/>
  <testcase name="Search for a automation course" classname="Academy Choucair" time="26.183">
    <skipped/>
  </testcase>
  <system-out><![CDATA[]]></system-out>
  <system-err><![CDATA[[Test worker] WARN net.thucydides.core.steps.BaseStepListener - stepStarted: net.thucydides.core.steps.ExecutedStepDescription@19dfeb27
[Test worker] WARN net.thucydides.core.steps.BaseStepListener - stepStarted: net.thucydides.core.steps.ExecutedStepDescription@4a45179a
[Test worker] WARN net.thucydides.core.steps.BaseStepListener - stepStarted: net.thucydides.core.steps.ExecutedStepDescription@42536044
abr 26, 2021 9:26:26 PM org.openqa.selenium.remote.DesiredCapabilities chrome
INFORMACIÓN: Using `new ChromeOptions()` is preferred to `DesiredCapabilities.chrome()`
[Test worker] INFO net.serenitybdd.core.webdriver.driverproviders.ProvideNewDriver - Instantiating driver
[Test worker] INFO net.serenitybdd.core.webdriver.driverproviders.ProvideNewDriver - Driver capabilities: Capabilities {acceptInsecureCerts: false, browserName: chrome, chrome.switches: --start-maximized, goog:chromeOptions: {args: [--start-maximized], extensions: []}, loggingPrefs: org.openqa.selenium.logging..., platform: ANY, version: }
Starting ChromeDriver 89.0.4389.23 (61b08ee2c50024bab004e48d2b1b083cdbdac579-refs/branch-heads/4389@{#294}) on port 36177
Only local connections are allowed.
Please see https://chromedriver.chromium.org/security-considerations for suggestions on keeping ChromeDriver safe.
ChromeDriver was started successfully.
[1619490390.183][WARNING]: This version of ChromeDriver has not been tested with Chrome version 90.
abr 26, 2021 9:26:30 PM org.openqa.selenium.remote.ProtocolHandshake createSession
INFORMACIÓN: Detected dialect: W3C
[Test worker] WARN net.thucydides.core.steps.BaseStepListener - stepFinished: current outcome:Search for a automation course:Given than brandom wants to learn automation at the academy choucair
| strUser | strPassword |
| 1006513555 | Choucair2021* | [Brandom open up [Brandom opens the Choucair academy page]]
[Test worker] WARN net.thucydides.core.steps.BaseStepListener - stepFinished: current outcome:Search for a automation course:Given than brandom wants to learn automation at the academy choucair
| strUser | strPassword |
| 1006513555 | Choucair2021* | [Brandom open up [Brandom opens the Choucair academy page]]
[Test worker] WARN net.thucydides.core.steps.BaseStepListener - stepStarted: net.thucydides.core.steps.ExecutedStepDescription@46c34e17
[Test worker] WARN net.thucydides.core.steps.BaseStepListener - stepStarted: net.thucydides.core.steps.ExecutedStepDescription@52d0f66c
[Test worker] WARN net.thucydides.core.steps.BaseStepListener - stepFinished: current outcome:Search for a automation course:Given than brandom wants to learn automation at the academy choucair
| strUser | strPassword |
| 1006513555 | Choucair2021* | [Brandom open up [Brandom opens the Choucair academy page], Brandom login [Brandom clicks on the button that show us the form to login]]
[Test worker] WARN net.thucydides.core.steps.BaseStepListener - stepStarted: net.thucydides.core.steps.ExecutedStepDescription@597a7587
[Test worker] WARN net.thucydides.core.steps.BaseStepListener - stepFinished: current outcome:Search for a automation course:Given than brandom wants to learn automation at the academy choucair
| strUser | strPassword |
| 1006513555 | Choucair2021* | [Brandom open up [Brandom opens the Choucair academy page], Brandom login [Brandom clicks on the button that show us the form to login, Brandom enters '1006513555' into where do we write the user]]
[Test worker] WARN net.thucydides.core.steps.BaseStepListener - stepStarted: net.thucydides.core.steps.ExecutedStepDescription@9fcc4e5
[Test worker] WARN net.thucydides.core.steps.BaseStepListener - stepFinished: current outcome:Search for a automation course:Given than brandom wants to learn automation at the academy choucair
| strUser | strPassword |
| 1006513555 | Choucair2021* | [Brandom open up [Brandom opens the Choucair academy page], Brandom login [Brandom clicks on the button that show us the form to login, Brandom enters '1006513555' into where do we write the user, Brandom enters 'Choucair2021*' into where do we write the password]]
[Test worker] WARN net.thucydides.core.steps.BaseStepListener - stepStarted: net.thucydides.core.steps.ExecutedStepDescription@2a32123c
[Test worker] WARN net.thucydides.core.steps.BaseStepListener - stepFinished: current outcome:Search for a automation course:Given than brandom wants to learn automation at the academy choucair
| strUser | strPassword |
| 1006513555 | Choucair2021* | [Brandom open up [Brandom opens the Choucair academy page], Brandom login [Brandom clicks on the button that show us the form to login, Brandom enters '1006513555' into where do we write the user, Brandom enters 'Choucair2021*' into where do we write the password, Brandom clicks on button to comfirm login]]
[Test worker] WARN net.thucydides.core.steps.BaseStepListener - stepFinished: current outcome:Search for a automation course:Given than brandom wants to learn automation at the academy choucair
| strUser | strPassword |
| 1006513555 | Choucair2021* | [Brandom open up [Brandom opens the Choucair academy page], Brandom login [Brandom clicks on the button that show us the form to login, Brandom enters '1006513555' into where do we write the user, Brandom enters 'Choucair2021*' into where do we write the password, Brandom clicks on button to comfirm login]]
[Test worker] WARN net.thucydides.core.steps.BaseStepListener - stepFinished: current outcome:Search for a automation course:Given than brandom wants to learn automation at the academy choucair
| strUser | strPassword |
| 1006513555 | Choucair2021* | [Brandom open up [Brandom opens the Choucair academy page], Brandom login [Brandom clicks on the button that show us the form to login, Brandom enters '1006513555' into where do we write the user, Brandom enters 'Choucair2021*' into where do we write the password, Brandom clicks on button to comfirm login]]
[Test worker] WARN net.thucydides.core.steps.BaseStepListener - stepStarted: net.thucydides.core.steps.ExecutedStepDescription@72b9b2cc
[Test worker] WARN net.thucydides.core.steps.BaseStepListener - stepStarted: net.thucydides.core.steps.ExecutedStepDescription@4098cc5
[Test worker] WARN net.thucydides.core.steps.BaseStepListener - stepStarted: net.thucydides.core.steps.ExecutedStepDescription@5c3ff673
[Test worker] WARN net.thucydides.core.steps.BaseStepListener - stepFinished: current outcome:Search for a automation course:Given than brandom wants to learn automation at the academy choucair
| strUser | strPassword |
| 1006513555 | Choucair2021* | [Brandom open up [Brandom opens the Choucair academy page], Brandom login [Brandom clicks on the button that show us the form to login, Brandom enters '1006513555' into where do we write the user, Brandom enters 'Choucair2021*' into where do we write the password, Brandom clicks on button to comfirm login]], When he search for the course on the choucair academy platform
| strCourse |
| Foundation Level | [Brandom search [Brandom clicks on Selecciona la Universidad choucair]]
[Test worker] WARN net.thucydides.core.steps.BaseStepListener - stepStarted: net.thucydides.core.steps.ExecutedStepDescription@1ef65026
[Test worker] WARN net.thucydides.core.steps.BaseStepListener - stepFinished: current outcome:Search for a automation course:Given than brandom wants to learn automation at the academy choucair
| strUser | strPassword |
| 1006513555 | Choucair2021* | [Brandom open up [Brandom opens the Choucair academy page], Brandom login [Brandom clicks on the button that show us the form to login, Brandom enters '1006513555' into where do we write the user, Brandom enters 'Choucair2021*' into where do we write the password, Brandom clicks on button to comfirm login]], When he search for the course on the choucair academy platform
| strCourse |
| Foundation Level | [Brandom search [Brandom clicks on Selecciona la Universidad choucair, Brandom enters 'Foundation Level' into Buscar el curso]]
[Test worker] WARN net.thucydides.core.steps.BaseStepListener - stepStarted: net.thucydides.core.steps.ExecutedStepDescription@27283537
[Test worker] WARN net.thucydides.core.steps.BaseStepListener - stepFinished: current outcome:Search for a automation course:Given than brandom wants to learn automation at the academy choucair
| strUser | strPassword |
| 1006513555 | Choucair2021* | [Brandom open up [Brandom opens the Choucair academy page], Brandom login [Brandom clicks on the button that show us the form to login, Brandom enters '1006513555' into where do we write the user, Brandom enters 'Choucair2021*' into where do we write the password, Brandom clicks on button to comfirm login]], When he search for the course on the choucair academy platform
| strCourse |
| Foundation Level | [Brandom search [Brandom clicks on Selecciona la Universidad choucair, Brandom enters 'Foundation Level' into Buscar el curso, Brandom clicks on Da click para buscar el curso]]
[Test worker] WARN net.thucydides.core.steps.BaseStepListener - stepStarted: net.thucydides.core.steps.ExecutedStepDescription@557e6f62
[Test worker] WARN net.thucydides.core.steps.BaseStepListener - stepFinished: current outcome:Search for a automation course:Given than brandom wants to learn automation at the academy choucair
| strUser | strPassword |
| 1006513555 | Choucair2021* | [Brandom open up [Brandom opens the Choucair academy page], Brandom login [Brandom clicks on the button that show us the form to login, Brandom enters '1006513555' into where do we write the user, Brandom enters 'Choucair2021*' into where do we write the password, Brandom clicks on button to comfirm login]], When he search for the course on the choucair academy platform
| strCourse |
| Foundation Level | [Brandom search [Brandom clicks on Selecciona la Universidad choucair, Brandom enters 'Foundation Level' into Buscar el curso, Brandom clicks on Da click para buscar el curso, Brandom clicks on Da click para ingresar al curso]]
[Test worker] WARN net.thucydides.core.steps.BaseStepListener - stepFinished: current outcome:Search for a automation course:Given than brandom wants to learn automation at the academy choucair
| strUser | strPassword |
| 1006513555 | Choucair2021* | [Brandom open up [Brandom opens the Choucair academy page], Brandom login [Brandom clicks on the button that show us the form to login, Brandom enters '1006513555' into where do we write the user, Brandom enters 'Choucair2021*' into where do we write the password, Brandom clicks on button to comfirm login]], When he search for the course on the choucair academy platform
| strCourse |
| Foundation Level | [Brandom search [Brandom clicks on Selecciona la Universidad choucair, Brandom enters 'Foundation Level' into Buscar el curso, Brandom clicks on Da click para buscar el curso, Brandom clicks on Da click para ingresar al curso]]
[Test worker] WARN net.thucydides.core.steps.BaseStepListener - stepFinished: current outcome:Search for a automation course:Given than brandom wants to learn automation at the academy choucair
| strUser | strPassword |
| 1006513555 | Choucair2021* | [Brandom open up [Brandom opens the Choucair academy page], Brandom login [Brandom clicks on the button that show us the form to login, Brandom enters '1006513555' into where do we write the user, Brandom enters 'Choucair2021*' into where do we write the password, Brandom clicks on button to comfirm login]], When he search for the course on the choucair academy platform
| strCourse |
| Foundation Level | [Brandom search [Brandom clicks on Selecciona la Universidad choucair, Brandom enters 'Foundation Level' into Buscar el curso, Brandom clicks on Da click para buscar el curso, Brandom clicks on Da click para ingresar al curso]]
[Test worker] WARN net.thucydides.core.steps.BaseStepListener - stepStarted: net.thucydides.core.steps.ExecutedStepDescription@7ca77336
[Test worker] INFO net.thucydides.core.steps.ConsoleLoggingListener - TEST PENDING
[Test worker] WARN net.thucydides.core.steps.BaseStepListener - testFinished: Search for a automation course:Given than brandom wants to learn automation at the academy choucair
| strUser | strPassword |
| 1006513555 | Choucair2021* | [Brandom open up [Brandom opens the Choucair academy page], Brandom login [Brandom clicks on the button that show us the form to login, Brandom enters '1006513555' into where do we write the user, Brandom enters 'Choucair2021*' into where do we write the password, Brandom clicks on button to comfirm login]], When he search for the course on the choucair academy platform
| strCourse |
| Foundation Level | [Brandom search [Brandom clicks on Selecciona la Universidad choucair, Brandom enters 'Foundation Level' into Buscar el curso, Brandom clicks on Da click para buscar el curso, Brandom clicks on Da click para ingresar al curso]], Then he finds the course called Foundation Level
[Test worker] WARN net.thucydides.core.steps.BaseStepListener - TestOutcomes: [Search for a automation course:Given than brandom wants to learn automation at the academy choucair
| strUser | strPassword |
| 1006513555 | Choucair2021* | [Brandom open up [Brandom opens the Choucair academy page], Brandom login [Brandom clicks on the button that show us the form to login, Brandom enters '1006513555' into where do we write the user, Brandom enters 'Choucair2021*' into where do we write the password, Brandom clicks on button to comfirm login]], When he search for the course on the choucair academy platform
| strCourse |
| Foundation Level | [Brandom search [Brandom clicks on Selecciona la Universidad choucair, Brandom enters 'Foundation Level' into Buscar el curso, Brandom clicks on Da click para buscar el curso, Brandom clicks on Da click para ingresar al curso]], Then he finds the course called Foundation Level]
[Test worker] WARN net.thucydides.core.steps.BaseStepListener - Final testOutcomes: [Search for a automation course:Given than brandom wants to learn automation at the academy choucair
| strUser | strPassword |
| 1006513555 | Choucair2021* | [Brandom open up [Brandom opens the Choucair academy page], Brandom login [Brandom clicks on the button that show us the form to login, Brandom enters '1006513555' into where do we write the user, Brandom enters 'Choucair2021*' into where do we write the password, Brandom clicks on button to comfirm login]], When he search for the course on the choucair academy platform
| strCourse |
| Foundation Level | [Brandom search [Brandom clicks on Selecciona la Universidad choucair, Brandom enters 'Foundation Level' into Buscar el curso, Brandom clicks on Da click para buscar el curso, Brandom clicks on Da click para ingresar al curso]], Then he finds the course called Foundation Level]
[Test worker] INFO net.thucydides.core.steps.ConsoleLoggingListener - 
          __  _____ _____ ____ _____   ____  _____ _   _ ____ ___ _   _  ____ 
 _       / / |_   _| ____/ ___|_   _| |  _ \| ____| \ | |  _ \_ _| \ | |/ ___|
(_)____ / /    | | |  _| \___ \ | |   | |_) |  _| |  \| | | | | ||  \| | |  _ 
 |_____/ /     | | | |___ ___) || |   |  __/| |___| |\  | |_| | || |\  | |_| |
(_)   /_/      |_| |_____|____/ |_|   |_|   |_____|_| \_|____/___|_| \_|\____|
                                                                                

TEST PENDING: Search for a automation course
---------------------------------------------------------------------------------
]]></system-err>
</testsuite>
